#
# There is insufficient memory for the Java Runtime Environment to continue.
# Native memory allocation (mmap) failed to map 465567744 bytes for G1 virtual space
# Possible reasons:
#   The system is out of physical RAM or swap space
#   The process is running with CompressedOops enabled, and the Java Heap may be blocking the growth of the native heap
# Possible solutions:
#   Reduce memory load on the system
#   Increase physical memory or swap space
#   Check if swap backing store is full
#   Decrease Java heap size (-Xmx/-Xms)
#   Decrease number of Java threads
#   Decrease Java thread stack sizes (-Xss)
#   Set larger code cache with -XX:ReservedCodeCacheSize=
#   JVM is running with Zero Based Compressed Oops mode in which the Java heap is
#     placed in the first 32GB address space. The Java Heap base address is the
#     maximum limit for the native heap growth. Please use -XX:HeapBaseMinAddress
#     to set the Java Heap base and to place the Java Heap above 32GB virtual address.
# This output file may be truncated or incomplete.
#
#  Out of Memory Error (os_windows.cpp:3548), pid=318564, tid=319840
#
# JRE version:  (17.0.10+11) (build )
# Java VM: Java HotSpot(TM) 64-Bit Server VM (17.0.10+11-LTS-240, mixed mode, sharing, tiered, compressed oops, compressed class ptrs, g1 gc, windows-amd64)
# No core dump will be written. Minidumps are not enabled by default on client versions of Windows
#

---------------  S U M M A R Y ------------

Command Line: -javaagent:D:\Program Files\JetBrains\IntelliJ IDEA 2023.1.4\lib\idea_rt.jar=60791:D:\Program Files\JetBrains\IntelliJ IDEA 2023.1.4\bin -Dfile.encoding=UTF-8 com.nageoffer.shortlink.project.mq.mqProducerTest

Host: AMD Ryzen 7 7840HS w/ Radeon 780M Graphics     , 16 cores, 27G,  Windows 11 , 64 bit Build 22621 (10.0.22621.3085)
Time: Thu Feb 29 18:34:21 2024  Windows 11 , 64 bit Build 22621 (10.0.22621.3085) elapsed time: 0.048629 seconds (0d 0h 0m 0s)

---------------  T H R E A D  ---------------

Current thread (0x000001ea53818620):  JavaThread "Unknown thread" [_thread_in_vm, id=319840, stack(0x0000002ac8900000,0x0000002ac8a00000)]

Stack: [0x0000002ac8900000,0x0000002ac8a00000]
Native frames: (J=compiled Java code, j=interpreted, Vv=VM code, C=native code)
V  [jvm.dll+0x677a5a]
V  [jvm.dll+0x7d8b2d]
V  [jvm.dll+0x7da48e]
V  [jvm.dll+0x7daaf3]
V  [jvm.dll+0x2455ff]
V  [jvm.dll+0x6749b9]
V  [jvm.dll+0x669382]
V  [jvm.dll+0x302e96]
V  [jvm.dll+0x30a416]
V  [jvm.dll+0x359cbe]
V  [jvm.dll+0x359eef]
V  [jvm.dll+0x2d9e88]
V  [jvm.dll+0x2dadf4]
V  [jvm.dll+0x7aa551]
V  [jvm.dll+0x367911]
V  [jvm.dll+0x789639]
V  [jvm.dll+0x3eb30f]
V  [jvm.dll+0x3ecd91]
C  [jli.dll+0x5297]
C  [ucrtbase.dll+0x29363]
C  [KERNEL32.DLL+0x1257d]
C  [ntdll.dll+0x5aa58]


---------------  P R O C E S S  ---------------

Threads class SMR info:
_java_thread_list=0x00007ffc18296a18, length=0, elements={
}

Java Threads: ( => current thread )

Other Threads:
  0x000001ea538b2e10 GCTaskThread "GC Thread#0" [stack: 0x0000002ac8a00000,0x0000002ac8b00000] [id=319844]
  0x000001ea538c1b30 ConcurrentGCThread "G1 Main Marker" [stack: 0x0000002ac8b00000,0x0000002ac8c00000] [id=319552]
  0x000001ea538c40f0 ConcurrentGCThread "G1 Conc#0" [stack: 0x0000002ac8c00000,0x0000002ac8d00000] [id=319532]

[error occurred during error reporting (printing all threads), id 0xc0000005, EXCEPTION_ACCESS_VIOLATION (0xc0000005) at pc=0x00007ffc17acaae7]

VM state: not at safepoint (not fully initialized)

VM Mutex/Monitor currently owned by a thread:  ([mutex/lock_event])
[0x000001ea538142f0] Heap_lock - owner thread: 0x000001ea53818620

Heap address: 0x0000000644400000, size: 7100 MB, Compressed Oops mode: Zero based, Oop shift amount: 3

CDS archive(s) mapped at: [0x0000000000000000-0x0000000000000000-0x0000000000000000), size 0, SharedBaseAddress: 0x0000000800000000, ArchiveRelocationMode: 1.
Narrow klass base: 0x0000000000000000, Narrow klass shift: 0, Narrow klass range: 0x0

GC Precious Log:
<Empty>

Heap:
 garbage-first heap   total 0K, used 0K [0x0000000644400000, 0x0000000800000000)
  region size 4096K, 0 young (0K), 0 survivors (0K)

[error occurred during error reporting (printing heap information), id 0xc0000005, EXCEPTION_ACCESS_VIOLATION (0xc0000005) at pc=0x00007ffc17eb1249]

GC Heap History (0 events):
No events

Deoptimization events (0 events):
No events

Classes unloaded (0 events):
No events

Classes redefined (0 events):
No events

Internal exceptions (0 events):
No events

VM Operations (0 events):
No events

Events (1 events):
Event: 0.045 Loaded shared library D:\work\java\jdk-17.0.10\bin\java.dll


Dynamic libraries:
0x00007ff6c5f20000 - 0x00007ff6c5f30000 	D:\work\java\jdk-17.0.10\bin\java.exe
0x00007ffc87e10000 - 0x00007ffc88027000 	C:\WINDOWS\SYSTEM32\ntdll.dll
0x00007ffc864d0000 - 0x00007ffc86594000 	C:\WINDOWS\System32\KERNEL32.DLL
0x00007ffc85430000 - 0x00007ffc857d6000 	C:\WINDOWS\System32\KERNELBASE.dll
0x00007ffc85270000 - 0x00007ffc85381000 	C:\WINDOWS\System32\ucrtbase.dll
0x00007ffc6bd40000 - 0x00007ffc6bd5b000 	D:\work\java\jdk-17.0.10\bin\VCRUNTIME140.dll
0x00007ffc6d260000 - 0x00007ffc6d279000 	D:\work\java\jdk-17.0.10\bin\jli.dll
0x00007ffc86180000 - 0x00007ffc86233000 	C:\WINDOWS\System32\ADVAPI32.dll
0x00007ffc87d20000 - 0x00007ffc87dc7000 	C:\WINDOWS\System32\msvcrt.dll
0x00007ffc865b0000 - 0x00007ffc86658000 	C:\WINDOWS\System32\sechost.dll
0x00007ffc85a70000 - 0x00007ffc85a98000 	C:\WINDOWS\System32\bcrypt.dll
0x00007ffc87c00000 - 0x00007ffc87d17000 	C:\WINDOWS\System32\RPCRT4.dll
0x00007ffc85b60000 - 0x00007ffc85d0e000 	C:\WINDOWS\System32\USER32.dll
0x00007ffc85950000 - 0x00007ffc85976000 	C:\WINDOWS\System32\win32u.dll
0x00007ffc6ee40000 - 0x00007ffc6f0d3000 	C:\WINDOWS\WinSxS\amd64_microsoft.windows.common-controls_6595b64144ccf1df_6.0.22621.2506_none_270c5ae97388e100\COMCTL32.dll
0x00007ffc864a0000 - 0x00007ffc864c9000 	C:\WINDOWS\System32\GDI32.dll
0x00007ffc85150000 - 0x00007ffc85268000 	C:\WINDOWS\System32\gdi32full.dll
0x00007ffc85390000 - 0x00007ffc8542a000 	C:\WINDOWS\System32\msvcp_win.dll
0x00007ffc79440000 - 0x00007ffc7944a000 	C:\WINDOWS\SYSTEM32\VERSION.dll
0x00007ffc85d10000 - 0x00007ffc85d41000 	C:\WINDOWS\System32\IMM32.DLL
0x00007ffc6d730000 - 0x00007ffc6d73c000 	D:\work\java\jdk-17.0.10\bin\vcruntime140_1.dll
0x00007ffc5d170000 - 0x00007ffc5d1fe000 	D:\work\java\jdk-17.0.10\bin\msvcp140.dll
0x00007ffc177e0000 - 0x00007ffc183bf000 	D:\work\java\jdk-17.0.10\bin\server\jvm.dll
0x00007ffc865a0000 - 0x00007ffc865a8000 	C:\WINDOWS\System32\PSAPI.DLL
0x00007ffc64050000 - 0x00007ffc64059000 	C:\WINDOWS\SYSTEM32\WSOCK32.dll
0x00007ffc7c9c0000 - 0x00007ffc7c9f4000 	C:\WINDOWS\SYSTEM32\WINMM.dll
0x00007ffc85e90000 - 0x00007ffc85f01000 	C:\WINDOWS\System32\WS2_32.dll
0x00007ffc84150000 - 0x00007ffc84168000 	C:\WINDOWS\SYSTEM32\kernel.appcore.dll
0x00007ffc6d250000 - 0x00007ffc6d25a000 	D:\work\java\jdk-17.0.10\bin\jimage.dll
0x00007ffc799b0000 - 0x00007ffc79be3000 	C:\WINDOWS\SYSTEM32\DBGHELP.DLL
0x00007ffc86f20000 - 0x00007ffc872a9000 	C:\WINDOWS\System32\combase.dll
0x00007ffc85db0000 - 0x00007ffc85e87000 	C:\WINDOWS\System32\OLEAUT32.dll
0x00007ffc76290000 - 0x00007ffc762c2000 	C:\WINDOWS\SYSTEM32\dbgcore.DLL
0x00007ffc85980000 - 0x00007ffc859fa000 	C:\WINDOWS\System32\bcryptPrimitives.dll
0x00007ffc80520000 - 0x00007ffc8052e000 	D:\work\java\jdk-17.0.10\bin\instrument.dll
0x00007ffc691f0000 - 0x00007ffc69215000 	D:\work\java\jdk-17.0.10\bin\java.dll

dbghelp: loaded successfully - version: 4.0.5 - missing functions: none
symbol engine: initialized successfully - sym options: 0x614 - pdb path: .;D:\work\java\jdk-17.0.10\bin;C:\WINDOWS\SYSTEM32;C:\WINDOWS\WinSxS\amd64_microsoft.windows.common-controls_6595b64144ccf1df_6.0.22621.2506_none_270c5ae97388e100;D:\work\java\jdk-17.0.10\bin\server

VM Arguments:
jvm_args: -javaagent:D:\Program Files\JetBrains\IntelliJ IDEA 2023.1.4\lib\idea_rt.jar=60791:D:\Program Files\JetBrains\IntelliJ IDEA 2023.1.4\bin -Dfile.encoding=UTF-8 
java_command: com.nageoffer.shortlink.project.mq.mqProducerTest
java_class_path (initial): D:\work\java\shortlink-main\project\target\classes;C:\Users\tanxiang\.m2\repository\org\slf4j\slf4j-api\2.0.12\slf4j-api-2.0.12.jar;C:\Users\tanxiang\.m2\repository\org\apache\rocketmq\rocketmq-client-java\5.0.6\rocketmq-client-java-5.0.6.jar;C:\Users\tanxiang\.m2\repository\org\apache\tomcat\annotations-api\6.0.53\annotations-api-6.0.53.jar;C:\Users\tanxiang\.m2\repository\org\springframework\boot\spring-boot-starter-web\3.0.7\spring-boot-starter-web-3.0.7.jar;C:\Users\tanxiang\.m2\repository\org\springframework\boot\spring-boot-starter\3.0.7\spring-boot-starter-3.0.7.jar;C:\Users\tanxiang\.m2\repository\org\springframework\boot\spring-boot\3.0.7\spring-boot-3.0.7.jar;C:\Users\tanxiang\.m2\repository\org\springframework\boot\spring-boot-starter-logging\3.0.7\spring-boot-starter-logging-3.0.7.jar;C:\Users\tanxiang\.m2\repository\org\apache\logging\log4j\log4j-to-slf4j\2.19.0\log4j-to-slf4j-2.19.0.jar;C:\Users\tanxiang\.m2\repository\org\apache\logging\log4j\log4j-api\2.19.0\log4j-api-2.19.0.jar;C:\Users\tanxiang\.m2\repository\jakarta\annotation\jakarta.annotation-api\2.1.1\jakarta.annotation-api-2.1.1.jar;C:\Users\tanxiang\.m2\repository\org\springframework\spring-core\6.0.9\spring-core-6.0.9.jar;C:\Users\tanxiang\.m2\repository\org\springframework\spring-jcl\6.0.9\spring-jcl-6.0.9.jar;C:\Users\tanxiang\.m2\repository\org\yaml\snakeyaml\1.33\snakeyaml-1.33.jar;C:\Users\tanxiang\.m2\repository\org\springframework\boot\spring-boot-starter-json\3.0.7\spring-boot-starter-json-3.0.7.jar;C:\Users\tanxiang\.m2\repository\com\fasterxml\jackson\core\jackson-databind\2.14.3\jackson-databind-2.14.3.jar;C:\Users\tanxiang\.m2\repository\com\fasterxml\jackson\datatype\jackson-datatype-jdk8\2.14.3\jackson-datatype-jdk8-2.14.3.jar;C:\Users\tanxiang\.m2\repository\com\fasterxml\jackson\datatype\jackson-datatype-jsr310\2.14.3\jackson-datatype-jsr310-2.14.3.jar;C:\Users\tanxiang\.m2\repository\com\fasterxml\jackson\module\jackson-module-parameter-names\2.
Launcher Type: SUN_STANDARD

[Global flags]
     intx CICompilerCount                          = 12                                        {product} {ergonomic}
     uint ConcGCThreads                            = 3                                         {product} {ergonomic}
     uint G1ConcRefinementThreads                  = 13                                        {product} {ergonomic}
   size_t G1HeapRegionSize                         = 4194304                                   {product} {ergonomic}
    uintx GCDrainStackTargetSize                   = 64                                        {product} {ergonomic}
   size_t InitialHeapSize                          = 465567744                                 {product} {ergonomic}
   size_t MarkStackSize                            = 4194304                                   {product} {ergonomic}
   size_t MaxHeapSize                              = 7444889600                                {product} {ergonomic}
   size_t MinHeapDeltaBytes                        = 4194304                                   {product} {ergonomic}
   size_t MinHeapSize                              = 8388608                                   {product} {ergonomic}
    uintx NonNMethodCodeHeapSize                   = 7602480                                {pd product} {ergonomic}
    uintx NonProfiledCodeHeapSize                  = 122027880                              {pd product} {ergonomic}
    uintx ProfiledCodeHeapSize                     = 122027880                              {pd product} {ergonomic}
    uintx ReservedCodeCacheSize                    = 251658240                              {pd product} {ergonomic}
     bool SegmentedCodeCache                       = true                                      {product} {ergonomic}
   size_t SoftMaxHeapSize                          = 7444889600                             {manageable} {ergonomic}
     bool UseCompressedClassPointers               = true                           {product lp64_product} {ergonomic}
     bool UseCompressedOops                        = true                           {product lp64_product} {ergonomic}
     bool UseG1GC                                  = true                                      {product} {ergonomic}
     bool UseLargePagesIndividualAllocation        = false                                  {pd product} {ergonomic}

Logging:
Log output configuration:
 #0: stdout all=warning uptime,level,tags
 #1: stderr all=off uptime,level,tags

Environment Variables:
JAVA_HOME=D:\work\java\jdk-17.0.10
PATH=C:\Program Files (x86)\NVIDIA Corporation\PhysX\Common;D:\Program Files (x86)\VMware\VMware Workstation\bin\;C:\WINDOWS\system32;C:\WINDOWS;C:\WINDOWS\System32\Wbem;C:\WINDOWS\System32\WindowsPowerShell\v1.0\;C:\WINDOWS\System32\OpenSSH\;D:\Program Files\Git\cmd;D:\Program Files\nodejs\;D:\work\java\apache-maven-3.9.4\bin;D:\work\java\jdk-17.0.10\bin;C:\Program Files\Docker\Docker\resources\bin;D:\Program Files\python3.10\Scripts\;D:\Program Files\python3.10\;C:\Users\tanxiang\AppData\Local\Microsoft\WindowsApps;D:\Program Files\JetBrains\IntelliJ IDEA 2023.1.4\bin;;D:\Program Files\Microsoft VS Code\bin;C:\Users\tanxiang\AppData\Roaming\npm;C:\Program Files\MySQL\MySQL Server 8.0\bin;
USERNAME=tanxiang
OS=Windows_NT
PROCESSOR_IDENTIFIER=AMD64 Family 25 Model 116 Stepping 1, AuthenticAMD



---------------  S Y S T E M  ---------------

OS:
 Windows 11 , 64 bit Build 22621 (10.0.22621.3085)
OS uptime: 1 days 5:26 hours
Hyper-V role detected

CPU: total 16 (initial active 16) (16 cores per cpu, 2 threads per core) family 25 model 116 stepping 1 microcode 0x0, cx8, cmov, fxsr, ht, mmx, 3dnowpref, sse, sse2, sse3, ssse3, sse4a, sse4.1, sse4.2, popcnt, lzcnt, tsc, tscinvbit, avx, avx2, aes, erms, clmul, bmi1, bmi2, adx, avx512f, avx512dq, avx512cd, avx512bw, avx512vl, sha, fma, vzeroupper, avx512_vpopcntdq, avx512_vpclmulqdq, avx512_vaes, avx512_vnni, clflush, clflushopt, avx512_vbmi2, avx512_vbmi, hv

Memory: 4k page, system-wide physical 28391M (2859M free)
TotalPageFile size 45288M (AvailPageFile size 222M)
current process WorkingSet (physical memory assigned to process): 11M, peak: 11M
current process commit charge ("private bytes"): 71M, peak: 514M

vm_info: Java HotSpot(TM) 64-Bit Server VM (17.0.10+11-LTS-240) for windows-amd64 JRE (17.0.10+11-LTS-240), built on Dec 19 2023 21:47:25 by "mach5one" with MS VC++ 17.1 (VS2022)

END.
